<?xml version="1.0" encoding="UTF-8"?>
<!-- Generated by org.testng.reporters.JUnitReportReporter -->
<testsuite hostname="DESKTOP-10BP95J" failures="0" tests="5" name="Tests.TestCases" time="40.332" errors="0" timestamp="2023-06-07T14:31:16 IST" skipped="0">
  <testcase classname="Tests.TestCases" name="LoginTest1" time="0.348"/>
  <system-out/>
  <testcase classname="Tests.TestCases" name="LoginWithNo" time="5.689"/>
  <system-out/>
  <testcase classname="Tests.TestCases" name="OTPVerification" time="3.876"/>
  <system-out/>
  <testcase classname="Tests.TestCases" name="profilePage" time="30.088"/>
  <system-out/>
  <testcase classname="Tests.TestCases" name="StripeAction" time="0.331"/>
  <system-out/>
</testsuite> <!-- Tests.TestCases -->
