<?xml version="1.0" encoding="UTF-8"?>
<!-- Generated by org.testng.reporters.JUnitReportReporter -->
<testsuite hostname="DESKTOP-10BP95J" failures="0" tests="5" name="Tests.TestCases" time="40.801" errors="0" timestamp="2023-06-07T11:20:25 IST" skipped="0">
  <testcase classname="Tests.TestCases" name="LoginTest1" time="0.700"/>
  <system-out/>
  <testcase classname="Tests.TestCases" name="LoginWithNo" time="4.259"/>
  <system-out/>
  <testcase classname="Tests.TestCases" name="OTPVerification" time="4.995"/>
  <system-out/>
  <testcase classname="Tests.TestCases" name="profilePage" time="27.937"/>
  <system-out/>
  <testcase classname="Tests.TestCases" name="StripeAction" time="2.910"/>
  <system-out/>
</testsuite> <!-- Tests.TestCases -->
